Arguments: 
  C:\Program Files\nodejs\node.exe C:\Program Files (x86)\Yarn\bin\yarn.js init

PATH: 
  C:\Program Files (x86)\IBM\Lotus\Notes\;C:\Program Files (x86)\IBM\Lotus\Notes\Data\;C:\Program Files (x86)\Common Files\Oracle\Java\javapath;C:\ProgramData\Oracle\Java\javapath;C:\Windows\system32;C:\Windows;C:\Windows\System32\Wbem;C:\Windows\System32\WindowsPowerShell\v1.0\;C:\Program Files (x86)\Skype\Phone\;C:\Program Files\Microsoft SQL Server\110\Tools\Binn\;C:\Program Files (x86)\Microsoft SQL Server\110\Tools\Binn\;C:\Program Files\Microsoft SQL Server\110\DTS\Binn\;C:\Program Files (x86)\Microsoft SQL Server\110\Tools\Binn\ManagementStudio\;C:\Program Files (x86)\Microsoft Visual Studio 10.0\Common7\IDE\PrivateAssemblies\;C:\Program Files (x86)\Microsoft SQL Server\110\DTS\Binn\;c:\Program Files (x86)\Microsoft SQL Server\90\Tools\binn\;C:\Program Files\dotnet\;C:\Program Files\Git\cmd;C:\Program Files\Microsoft SQL Server\130\Tools\Binn\;C:\Program Files (x86)\WinSCP\;C:\Program Files\Microsoft\Web Platform Installer\;C:\Windows\System32\WindowsPowerShell\v1.0\;C:\ProgramData\chocolatey\bin;C:\Program Files\nodejs\;C:\Program Files (x86)\Yarn\bin\;C:\Users\Analista.Programador\AppData\Roaming\npm;C:\Users\Analista.Programador\AppData\Local\Yarn\bin;C:\Users\Analista.Programador\Documents\Codigo fuente\InternetReports - Latest Stable\packages\EnterpriseLibrary.Common.6.0.1304.0\tools;C:\Users\Analista.Programador\Documents\Codigo fuente\InternetReports - Latest Stable\packages\EnterpriseLibrary.Data.6.0.1304.0\tools;C:\Users\Analista.Programador\Documents\Codigo fuente\InternetReports - Latest Stable\packages\EntityFramework.6.2.0\tools;C:\Users\Analista.Programador\Documents\Codigo fuente\InternetReports - Latest Stable\packages\EntityFramework.6.1.3\tools;C:\Users\Analista.Programador\Documents\Codigo fuente\InternetReports - Latest Stable\packages\jQuery.3.3.1\tools;C:\Users\Analista.Programador\Documents\Codigo fuente\InternetReports - Latest Stable\packages\Microsoft.Net.Compilers.2.6.1\tools;C:\Users\Analista.Programador\Documents\Codigo fuente\InternetReports - Latest Stable\packages\Microsoft.CodeDom.Providers.DotNetCompilerPlatform.1.0.8\tools;C:\Users\Analista.Programador\Documents\Codigo fuente\InternetReports - Latest Stable\packages\Modernizr.2.8.3\tools;C:\Users\Analista.Programador\Documents\Codigo fuente\InternetReports - Latest Stable\packages\Microsoft.ApplicationInsights.WindowsServer.2.5.1\tools;C:\Users\Analista.Programador\Documents\Codigo fuente\InternetReports - Latest Stable\packages\WebGrease.1.6.0\tools

Yarn version: 
  1.10.1

Node version: 
  8.12.0

Platform: 
  win32 x64

Trace: 
  Error: Can't answer a question unless a user TTY
      at ConsoleReporter.question (C:\Program Files (x86)\Yarn\lib\cli.js:82903:59)
      at Object.<anonymous> (C:\Program Files (x86)\Yarn\lib\cli.js:75595:38)
      at Generator.next (<anonymous>)
      at step (C:\Program Files (x86)\Yarn\lib\cli.js:98:30)
      at C:\Program Files (x86)\Yarn\lib\cli.js:109:13
      at <anonymous>

npm manifest: 
  No manifest

yarn manifest: 
  No manifest

Lockfile: 
  No lockfile
